<?xml version="1.0" encoding="UTF-8"?>
<!-- Generated by org.testng.reporters.JUnitReportReporter -->
<testsuite hostname="DESKTOP-BOVOIF6" failures="0" tests="1" name="com.tutorialsninja.qa.testcases.Register" time="6.659" errors="0" timestamp="2024-04-12T23:00:02 CEST" skipped="0">
  <testcase classname="com.tutorialsninja.qa.testcases.Register" name="registerWithMandatoryFields" time="6.659"/>
</testsuite> <!-- com.tutorialsninja.qa.testcases.Register -->
