<?xml version="1.0" encoding="UTF-8"?>
<!-- Generated by org.testng.reporters.JUnitReportReporter -->
<testsuite hostname="DESKTOP-BOVOIF6" failures="0" tests="3" name="com.tutorialsninja.qa.testcases.SearchTest" time="12.127" errors="0" timestamp="2024-04-13T11:09:33 CEST" skipped="0">
  <testcase classname="com.tutorialsninja.qa.testcases.SearchTest" name="verifySearchWithValidProduct" time="4.512"/>
  <testcase classname="com.tutorialsninja.qa.testcases.SearchTest" name="verifySearchWithInvalidProduct" time="3.901"/>
  <testcase classname="com.tutorialsninja.qa.testcases.SearchTest" name="verifySearchWithoutAnyProduct" time="3.714"/>
</testsuite> <!-- com.tutorialsninja.qa.testcases.SearchTest -->
