<?xml version="1.0" encoding="UTF-8"?>
<!-- Generated by org.testng.reporters.JUnitReportReporter -->
<testsuite hostname="DESKTOP-BOVOIF6" failures="0" tests="3" name="com.tutorialsninja.qa.testcases.Search" time="11.222" errors="0" timestamp="2024-04-12T23:00:02 CEST" skipped="0">
  <testcase classname="com.tutorialsninja.qa.testcases.Search" name="verifySearchWithValidProduct" time="3.921"/>
  <testcase classname="com.tutorialsninja.qa.testcases.Search" name="verifySearchWithInvalidProduct" time="3.602"/>
  <testcase classname="com.tutorialsninja.qa.testcases.Search" name="verifySearchWithoutAnyProduct" time="3.699"/>
</testsuite> <!-- com.tutorialsninja.qa.testcases.Search -->
