<?xml version="1.0" encoding="UTF-8"?>
<!-- Generated by org.testng.reporters.JUnitReportReporter -->
<testsuite hostname="DESKTOP-BOVOIF6" failures="0" tests="1" name="com.tutorialsninja.qa.testcases.RegisterTest" time="10.268" errors="0" timestamp="2024-04-13T11:09:33 CEST" skipped="0">
  <testcase classname="com.tutorialsninja.qa.testcases.RegisterTest" name="registerWithMandatoryFields" time="10.268"/>
</testsuite> <!-- com.tutorialsninja.qa.testcases.RegisterTest -->
